<?xml version="1.0" encoding="UTF-8"?>
<!-- Generated by org.testng.reporters.JUnitXMLReporter -->
<testsuite hostname="DESKTOP-FHFJRLK" ignored="0" name="Test" tests="7" failures="0" timestamp="18 Apr 2022 18:06:39 GMT" time="0.118" errors="0">
  <testcase name="test" time="0.016" classname="sample.Demo"/>
  <testcase name="test1" time="0.0" classname="sample.Demo"/>
  <testcase name="test" time="0.0" classname="sample.Demo2"/>
  <testcase name="test" time="0.0" classname="sample.Demo2"/>
  <testcase name="test1" time="0.016" classname="sample.Demo2"/>
  <testcase name="test2" time="0.0" classname="sample.Demp1"/>
  <testcase name="test1" time="0.0" classname="sample.Demp1"/>
</testsuite> <!-- Test -->
